[haveheart.qodeinteractive.com/habitat-home/index.html]
[backblue.gif]
[fade.gif]
[index.html]
[haveheart.qodeinteractive.com/wp-content/uploads/2019/11/bck-mapb704.png]
[haveheart.qodeinteractive.com/wp-content/plugins/haveheart-core/inc/icons/dripicons/assets/css/dripicons.min923e.css]
[haveheart.qodeinteractive.com/wp-content/plugins/haveheart-core/inc/icons/elegant-icons/assets/css/elegant-icons.min923e.css]
[haveheart.qodeinteractive.com/wp-content/plugins/haveheart-core/inc/icons/font-awesome/assets/css/all.min923e.css]
[haveheart.qodeinteractive.com/wp-content/plugins/haveheart-core/inc/icons/ionicons/assets/css/ionicons.min923e.css]
[haveheart.qodeinteractive.com/wp-content/plugins/haveheart-core/inc/icons/linea-icons/assets/css/linea-icons.min923e.css]
[haveheart.qodeinteractive.com/wp-content/plugins/haveheart-core/inc/icons/linear-icons/assets/css/linear-icons.min923e.css]
[haveheart.qodeinteractive.com/wp-content/plugins/haveheart-core/inc/icons/simple-line-icons/assets/css/simple-line-icons.min923e.css]
[haveheart.qodeinteractive.com/wp-content/plugins/instagram-feed/css/sb-instagram-2-2.mina361.css]
[haveheart.qodeinteractive.com/wp-includes/css/dist/block-library/style.min923e.css]
[haveheart.qodeinteractive.com/wp-content/plugins/woocommerce/packages/woocommerce-blocks/build/style747d.css]
[haveheart.qodeinteractive.com/wp-content/plugins/contact-form-7/includes/css/styles6725.css]
[haveheart.qodeinteractive.com/wp-content/plugins/custom-twitter-feeds/css/ctf-styles.min7ef2.css]
[export.qodethemes.com/_toolbar/assets/css/rbt-modules923e.css]
[haveheart.qodeinteractive.com/wp-content/plugins/revslider/public/assets/css/rs6b5e1.css]
[haveheart.qodeinteractive.com/wp-content/plugins/give/assets/dist/css/give61da.css]
[haveheart.qodeinteractive.com/wp-content/plugins/qi-addons-for-elementor/assets/plugins/swiper/swiper.min923e.css]
[haveheart.qodeinteractive.com/wp-content/plugins/qi-addons-for-elementor/assets/css/grid.min923e.css]
[haveheart.qodeinteractive.com/wp-content/plugins/qi-addons-for-elementor/assets/css/helper-parts.min923e.css]
[haveheart.qodeinteractive.com/wp-content/plugins/woocommerce/assets/css/select2cd70.css]
[haveheart.qodeinteractive.com/wp-content/plugins/haveheart-core/inc/core-dashboard/assets/css/core-dashboard.min923e.css]
[haveheart.qodeinteractive.com/wp-content/plugins/haveheart-core/assets/plugins/perfect-scrollbar/perfect-scrollbar923e.css]
[haveheart.qodeinteractive.com/wp-content/themes/haveheart/assets/css/main.min923e.css]
[haveheart.qodeinteractive.com/wp-content/plugins/haveheart-core/assets/css/haveheart-core.min923e.css]
[haveheart.qodeinteractive.com/wp-content/uploads/2019/11/bck-img-2.jpg]
[haveheart.qodeinteractive.com/wp-content/themes/haveheart/assets/plugins/magnific-popup/magnific-popup923e.css]
[haveheart.qodeinteractive.com/wp-content/plugins/js_composer/assets/css/js_composer.min52c7.css]
[haveheart.qodeinteractive.com/wp-content/plugins/qode-zendesk-chat/assets/main923e.css]
[haveheart.qodeinteractive.com/wp-includes/js/jquery/jquery4a5f.js]
[haveheart.qodeinteractive.com/wp-includes/js/jquery/jquery-migrate.min330a.js]
[haveheart.qodeinteractive.com/wp-content/plugins/revslider/public/assets/js/revolution.tools.minf049.js]
[haveheart.qodeinteractive.com/wp-content/plugins/revslider/public/assets/js/rs6.minb5e1.js]
[haveheart.qodeinteractive.com/wp-content/plugins/woocommerce/assets/js/jquery-blockui/jquery.blockUI.min44fd.js]
[haveheart.qodeinteractive.com/wp-content/plugins/woocommerce/assets/js/frontend/add-to-cart.mincd70.js]
[haveheart.qodeinteractive.com/wp-content/plugins/give/assets/dist/js/babel-polyfill61da.js]
[haveheart.qodeinteractive.com/wp-content/plugins/give/assets/dist/js/give61da.js]
[haveheart.qodeinteractive.com/wp-content/plugins/duracelltomi-google-tag-manager/js/gtm4wp-form-move-trackere899.js]
[haveheart.qodeinteractive.com/wp-content/plugins/js_composer/assets/js/vendors/woocommerce-add-to-cart52c7.js]
[haveheart.qodeinteractive.com/wp-content/uploads/2019/11/cropped-favicon-32x32.jpg]
[haveheart.qodeinteractive.com/wp-content/uploads/2019/11/cropped-favicon-192x192.jpg]
[haveheart.qodeinteractive.com/wp-content/uploads/2019/11/cropped-favicon-180x180.jpg]
[haveheart.qodeinteractive.com/wp-content/uploads/2019/12/Logo-210x108_blue.png]
[haveheart.qodeinteractive.com/wp-content/uploads/2019/12/Logo-210x108_white.png]
[haveheart.qodeinteractive.com/wp-content/uploads/2019/11/Logo-hh-dark.png]
[haveheart.qodeinteractive.com/wp-content/plugins/revslider/public/assets/assets/transparent.png]
[haveheart.qodeinteractive.com/wp-content/uploads/2019/10/h4-rev-img-1-3.jpg]
[haveheart.qodeinteractive.com/wp-content/uploads/2019/10/h4-rev-img-2-3.jpg]
[haveheart.qodeinteractive.com/wp-content/uploads/2019/09/h3-team-img-1-1.jpg]
[haveheart.qodeinteractive.com/wp-content/uploads/2019/09/h3-team-img-4-1.jpg]
[haveheart.qodeinteractive.com/wp-content/uploads/2019/09/h3-team-img-2-1.jpg]
[haveheart.qodeinteractive.com/wp-content/uploads/2019/10/h4-bg-img-3.png]
[haveheart.qodeinteractive.com/wp-content/uploads/2019/10/h4-rev-inner-1.png]
[haveheart.qodeinteractive.com/wp-content/uploads/2019/11/h3-rev-inner-1-img-5.png]
[haveheart.qodeinteractive.com/wp-content/uploads/2019/10/h3-rev-inner1-img-2.png]
[haveheart.qodeinteractive.com/wp-content/uploads/2019/10/h3-rev-inner1-img-1.png]
[haveheart.qodeinteractive.com/wp-content/uploads/2019/09/h1-icon-1.png]
[haveheart.qodeinteractive.com/wp-content/uploads/2019/09/h1-icon-2.png]
[haveheart.qodeinteractive.com/wp-content/uploads/2019/09/h1-icon-3.png]
[haveheart.qodeinteractive.com/wp-content/uploads/2019/09/h1-icon-4.png]
[haveheart.qodeinteractive.com/wp-content/uploads/2019/09/h3-testimonials-img-1.png]
[haveheart.qodeinteractive.com/wp-content/uploads/2019/09/h3-testimonials-img-2.png]
[haveheart.qodeinteractive.com/wp-content/uploads/2019/09/h3-testimonials-img-3.png]
[haveheart.qodeinteractive.com/wp-content/uploads/2019/11/h4-bck-img-4.png]
[haveheart.qodeinteractive.com/wp-content/uploads/2019/09/client-img-1.png]
[haveheart.qodeinteractive.com/wp-content/uploads/2019/09/client-img-2.png]
[haveheart.qodeinteractive.com/wp-content/uploads/2019/09/client-img-3.png]
[haveheart.qodeinteractive.com/wp-content/uploads/2019/09/client-img-4.png]
[haveheart.qodeinteractive.com/wp-content/uploads/2019/09/client-img-5.png]
[haveheart.qodeinteractive.com/wp-content/uploads/2019/09/h3-clients-img-6.png]
[haveheart.qodeinteractive.com/wp-content/uploads/2019/09/h3-clients-img-7.png]
[haveheart.qodeinteractive.com/wp-content/uploads/2019/09/h3-clients-img-8.png]
[haveheart.qodeinteractive.com/wp-content/uploads/2019/09/h3-clients-img-9.png]
[haveheart.qodeinteractive.com/wp-content/uploads/2019/09/h3-clients-img-10.png]
[haveheart.qodeinteractive.com/wp-content/uploads/2019/11/Logo-hh-light.png]
[haveheart.qodeinteractive.com/wp-content/uploads/2019/11/Logo-hh-sidearea.png]
[haveheart.qodeinteractive.com/cdn-cgi/scripts/5c5dd728/cloudflare-static/email-decode.min.js]
[haveheart.qodeinteractive.com/wp-content/plugins/contact-form-7/includes/js/scripts6725.js]
[export.qodethemes.com/_toolbar/assets/js/rbt-modules923e.js]
[haveheart.qodeinteractive.com/wp-content/plugins/woocommerce/assets/js/js-cookie/js.cookie.min6b25.js]
[haveheart.qodeinteractive.com/wp-content/plugins/woocommerce/assets/js/frontend/woocommerce.mincd70.js]
[haveheart.qodeinteractive.com/wp-content/plugins/woocommerce/assets/js/frontend/cart-fragments.mincd70.js]
[haveheart.qodeinteractive.com/wp-includes/js/jquery/ui/core.mine899.js]
[haveheart.qodeinteractive.com/wp-content/plugins/qi-addons-for-elementor/assets/js/main.min923e.js]
[haveheart.qodeinteractive.com/wp-content/plugins/haveheart-core/assets/plugins/perfect-scrollbar/perfect-scrollbar.jquery.min923e.js]
[haveheart.qodeinteractive.com/wp-includes/js/hoverIntent.minc245.js]
[haveheart.qodeinteractive.com/wp-content/plugins/haveheart-core/assets/plugins/jquery/jquery.easing.1.3923e.js]
[haveheart.qodeinteractive.com/wp-content/plugins/haveheart-core/assets/plugins/modernizr/modernizr923e.js]
[haveheart.qodeinteractive.com/wp-content/plugins/woocommerce/assets/js/select2/select2.full.minfa0c.js]
[haveheart.qodeinteractive.com/wp-content/themes/haveheart/assets/js/main.min923e.js]
[haveheart.qodeinteractive.com/wp-content/plugins/haveheart-core/assets/js/haveheart-core.min923e.js]
[haveheart.qodeinteractive.com/wp-content/themes/haveheart/assets/plugins/waitforimages/jquery.waitforimages923e.js]
[haveheart.qodeinteractive.com/wp-content/themes/haveheart/assets/plugins/appear/jquery.appear923e.js]
[haveheart.qodeinteractive.com/wp-content/plugins/elementor/assets/lib/swiper/swiper.min48f5.js]
[haveheart.qodeinteractive.com/wp-content/themes/haveheart/assets/plugins/magnific-popup/jquery.magnific-popup.min923e.js]
[static.zdassets.com/ekr/snippete371.js]
[haveheart.qodeinteractive.com/wp-includes/js/wp-embed.min923e.js]
[haveheart.qodeinteractive.com/wp-content/plugins/js_composer/assets/js/dist/js_composer_front.min52c7.js]
[haveheart.qodeinteractive.com/wp-content/plugins/haveheart-core/inc/shortcodes/progress-bar/assets/js/plugins/progressbar.min68b3.js]
[haveheart.qodeinteractive.com/habitat-home/index.html]
[haveheart.qodeinteractive.com/wp-content/plugins/haveheart-core/inc/icons/dripicons/assets/css/dripicons.min923e.css]
[haveheart.qodeinteractive.com/wp-content/plugins/haveheart-core/inc/icons/elegant-icons/assets/css/elegant-icons.min923e.css]
[haveheart.qodeinteractive.com/wp-content/plugins/haveheart-core/inc/icons/font-awesome/assets/css/all.min923e.css]
[haveheart.qodeinteractive.com/wp-content/plugins/haveheart-core/inc/icons/ionicons/assets/css/ionicons.min923e.css]
[haveheart.qodeinteractive.com/wp-content/plugins/haveheart-core/inc/icons/linea-icons/assets/css/linea-icons.min923e.css]
[haveheart.qodeinteractive.com/wp-content/plugins/haveheart-core/inc/icons/linear-icons/assets/css/linear-icons.min923e.css]
[haveheart.qodeinteractive.com/wp-content/plugins/haveheart-core/inc/icons/simple-line-icons/assets/css/simple-line-icons.min923e.css]
[haveheart.qodeinteractive.com/wp-content/plugins/haveheart-core/inc/shortcodes/progress-bar/assets/js/plugins/jquery.lineProgressbar68b3.js]
[haveheart.qodeinteractive.com/wp-content/plugins/instagram-feed/img/small-logo.png]
[haveheart.qodeinteractive.com/wp-content/plugins/instagram-feed/css/sb-instagram-2-2.mina361.css]
[haveheart.qodeinteractive.com/wp-includes/css/dist/block-library/style.min923e.css]
[haveheart.qodeinteractive.com/wp-content/plugins/woocommerce/packages/woocommerce-blocks/build/style747d.css]
[haveheart.qodeinteractive.com/wp-content/plugins/contact-form-7/images/ajax-loader.gif]
[haveheart.qodeinteractive.com/wp-content/plugins/contact-form-7/includes/css/styles6725.css]
[haveheart.qodeinteractive.com/wp-content/plugins/custom-twitter-feeds/css/ctf-styles.min7ef2.css]
[export.qodethemes.com/_toolbar/assets/css/rbt-modules923e.css]
[haveheart.qodeinteractive.com/wp-content/plugins/revslider/public/assets/css/openhand.cur]
[haveheart.qodeinteractive.com/wp-content/plugins/revslider/public/assets/css/closedhand.cur]
[haveheart.qodeinteractive.com/wp-content/plugins/revslider/public/assets/assets/gridtile.png]
[haveheart.qodeinteractive.com/wp-content/plugins/revslider/public/assets/assets/gridtile_white.png]
[haveheart.qodeinteractive.com/wp-content/plugins/revslider/public/assets/assets/gridtile_3x3.png]
[haveheart.qodeinteractive.com/wp-content/plugins/revslider/public/assets/assets/gridtile_3x3_white.png]
[haveheart.qodeinteractive.com/wp-content/plugins/revslider/public/assets/assets/coloredbg.png]
[haveheart.qodeinteractive.com/wp-content/plugins/revslider/public/assets/assets/loader.gif]
[haveheart.qodeinteractive.com/wp-content/plugins/revslider/public/assets/css/rs6b5e1.css]
[haveheart.qodeinteractive.com/wp-content/plugins/give/assets/dist/images/tick.png]
[haveheart.qodeinteractive.com/wp-content/plugins/give/assets/dist/images/dankort.png]
[haveheart.qodeinteractive.com/wp-content/plugins/give/assets/dist/css/give61da.css]
[haveheart.qodeinteractive.com/wp-content/plugins/qi-addons-for-elementor/assets/plugins/swiper/swiper.min923e.css]
[haveheart.qodeinteractive.com/wp-content/plugins/qi-addons-for-elementor/assets/css/grid.min923e.css]
[haveheart.qodeinteractive.com/wp-content/plugins/qi-addons-for-elementor/assets/css/helper-parts.min923e.css]
[haveheart.qodeinteractive.com/wp-content/plugins/qi-addons-for-elementor/assets/css/main.min923e.css]
[haveheart.qodeinteractive.com/wp-content/plugins/woocommerce/assets/css/select2cd70.css]
[haveheart.qodeinteractive.com/wp-content/plugins/haveheart-core/inc/core-dashboard/assets/css/core-dashboard.min923e.css]
[haveheart.qodeinteractive.com/wp-content/plugins/haveheart-core/assets/plugins/perfect-scrollbar/perfect-scrollbar923e.css]
[haveheart.qodeinteractive.com/wp-content/themes/haveheart/assets/css/main.min923e.css]
[haveheart.qodeinteractive.com/wp-content/plugins/haveheart-core/assets/img/pebbles-background-pattern.jpg]
[haveheart.qodeinteractive.com/wp-content/plugins/haveheart-core/assets/css/haveheart-core.min923e.css]
[haveheart.qodeinteractive.com/wp-content/themes/haveheart/style923e.css]
[haveheart.qodeinteractive.com/wp-content/themes/haveheart/assets/plugins/magnific-popup/magnific-popup923e.css]
[haveheart.qodeinteractive.com/wp-content/plugins/js_composer/assets/vc/alert.png]
[haveheart.qodeinteractive.com/wp-content/plugins/js_composer/assets/vc/info.png]
[haveheart.qodeinteractive.com/wp-content/plugins/js_composer/assets/vc/tick.png]
[haveheart.qodeinteractive.com/wp-content/plugins/js_composer/assets/vc/exclamation.png]
[haveheart.qodeinteractive.com/wp-content/plugins/js_composer/assets/images/icons/address-book.png]
[haveheart.qodeinteractive.com/wp-content/plugins/js_composer/assets/images/icons/alarm-clock.png]
[haveheart.qodeinteractive.com/wp-content/plugins/js_composer/assets/images/icons/anchor.png]
[haveheart.qodeinteractive.com/wp-content/plugins/js_composer/assets/images/icons/application-image.png]
[haveheart.qodeinteractive.com/wp-content/plugins/js_composer/assets/images/icons/arrow.png]
[haveheart.qodeinteractive.com/wp-content/plugins/js_composer/assets/images/icons/asterisk.png]
[haveheart.qodeinteractive.com/wp-content/plugins/js_composer/assets/images/icons/auction-hammer.png]
[haveheart.qodeinteractive.com/wp-content/plugins/js_composer/assets/images/icons/balloon.png]
[haveheart.qodeinteractive.com/wp-content/plugins/js_composer/assets/images/icons/balloon-buzz.png]
[haveheart.qodeinteractive.com/wp-content/plugins/js_composer/assets/images/icons/balloon-facebook.png]
[haveheart.qodeinteractive.com/wp-content/plugins/js_composer/assets/images/icons/balloon-twitter.png]
[haveheart.qodeinteractive.com/wp-content/plugins/js_composer/assets/images/icons/battery-full.png]
[haveheart.qodeinteractive.com/wp-content/plugins/js_composer/assets/images/icons/binocular.png]
[haveheart.qodeinteractive.com/wp-content/plugins/js_composer/assets/images/icons/blue-document-excel.png]
[haveheart.qodeinteractive.com/wp-content/plugins/js_composer/assets/images/icons/blue-document-image.png]
[haveheart.qodeinteractive.com/wp-content/plugins/js_composer/assets/images/icons/blue-document-music.png]
[haveheart.qodeinteractive.com/wp-content/plugins/js_composer/assets/images/icons/blue-document-office.png]
[haveheart.qodeinteractive.com/wp-content/plugins/js_composer/assets/images/icons/blue-document-pdf.png]
[haveheart.qodeinteractive.com/wp-content/plugins/js_composer/assets/images/icons/blue-document-powerpoint.png]
[haveheart.qodeinteractive.com/wp-content/plugins/js_composer/assets/images/icons/blue-document-word.png]
[haveheart.qodeinteractive.com/wp-content/plugins/js_composer/assets/images/icons/bookmark.png]
[haveheart.qodeinteractive.com/wp-content/plugins/js_composer/assets/images/icons/camcorder.png]
[haveheart.qodeinteractive.com/wp-content/plugins/js_composer/assets/images/icons/camera.png]
[haveheart.qodeinteractive.com/wp-content/plugins/js_composer/assets/images/icons/chart.png]
[haveheart.qodeinteractive.com/wp-content/plugins/js_composer/assets/images/icons/chart-pie.png]
[haveheart.qodeinteractive.com/wp-content/plugins/js_composer/assets/images/icons/clock.png]
[haveheart.qodeinteractive.com/wp-content/plugins/js_composer/assets/images/icons/control.png]
[haveheart.qodeinteractive.com/wp-content/plugins/js_composer/assets/images/icons/fire.png]
[haveheart.qodeinteractive.com/wp-content/plugins/js_composer/assets/images/icons/heart.png]
[haveheart.qodeinteractive.com/wp-content/plugins/js_composer/assets/images/icons/mail.png]
[haveheart.qodeinteractive.com/wp-content/plugins/js_composer/assets/images/icons/plus-shield.png]
[haveheart.qodeinteractive.com/wp-content/plugins/js_composer/assets/images/icons/video.png]
[haveheart.qodeinteractive.com/wp-content/plugins/js_composer/assets/images/toggle_open.png]
[haveheart.qodeinteractive.com/wp-content/plugins/js_composer/assets/images/toggle_close.png]
[haveheart.qodeinteractive.com/wp-content/plugins/js_composer/assets/images/flickr.png]
[haveheart.qodeinteractive.com/wp-content/plugins/js_composer/assets/images/spinner.gif]
[haveheart.qodeinteractive.com/wp-content/plugins/js_composer/assets/vc/remove.png]
[haveheart.qodeinteractive.com/wp-content/plugins/js_composer/assets/css/js_composer.min52c7.css]
[haveheart.qodeinteractive.com/wp-content/plugins/qode-zendesk-chat/assets/main923e.css]
[toolbar.qodeinteractive.com/_toolbar/assets/img/rbt-placeholder.jpg]
[export.qodethemes.com/_toolbar/assets/js/rbt-modules923e.js]
